<?xml version="1.0" encoding="UTF-8"?>
<testsuite name="ohtu.verkkokauppa.KauppaTest" tests="5" skipped="0" failures="0" errors="0" timestamp="2020-03-16T08:52:58" hostname="lx9-fuxi066" time="0.461">
  <properties/>
  <testcase name="ostoksenPaaytyttyaPankinMetodiaTilisiirtoKutsutaanJaPalautetaanOikeatArvot" classname="ohtu.verkkokauppa.KauppaTest" time="0.445"/>
  <testcase name="ostoksenPaaytyttyaPankinMetodiaTilisiirtoKutsutaan" classname="ohtu.verkkokauppa.KauppaTest" time="0.004"/>
  <testcase name="kahdenSamanOstoksenPaaytyttyaPankinMetodiaTilisiirtoKutsutaanJaPalautetaanOikeatArvot" classname="ohtu.verkkokauppa.KauppaTest" time="0.003"/>
  <testcase name="kaksiEriOstostaToistaOntoistaEiOlePaaytyttyaPankinMetodiaTilisiirtoKutsutaanJaPalautetaanOikeatArvot" classname="ohtu.verkkokauppa.KauppaTest" time="0.003"/>
  <testcase name="kahdenEriOstoksenPaaytyttyaPankinMetodiaTilisiirtoKutsutaanJaPalautetaanOikeatArvot" classname="ohtu.verkkokauppa.KauppaTest" time="0.005"/>
  <system-out><![CDATA[]]></system-out>
  <system-err><![CDATA[]]></system-err>
</testsuite>
